<?xml version="1.0" encoding="UTF-8"?>
<!-- Generated by org.testng.reporters.JUnitReportReporter -->
<testsuite skipped="0" hostname="DESKTOP-V1INFC5" name="tahatest.AppiumTest" tests="2" failures="0" timestamp="2020-04-15T01:38:46 CDT" time="0.003" errors="0">
  <testcase name="IOSApps" time="0.003" classname="tahatest.AppiumTest"/>
  <system-out/>
  <testcase name="NativeAppAndroid" time="0.000" classname="tahatest.AppiumTest"/>
  <system-out/>
</testsuite> <!-- tahatest.AppiumTest -->
