<?xml version="1.0" encoding="UTF-8"?>
<!-- Generated by org.testng.reporters.JUnitReportReporter -->
<testsuite skipped="0" hostname="DESKTOP-V1INFC5" name="tahatest.RESTApiTest" tests="2" failures="0" timestamp="2020-04-15T01:38:46 CDT" time="0.001" errors="0">
  <testcase name="postJira" time="0.000" classname="tahatest.RESTApiTest"/>
  <system-out/>
  <testcase name="deleteTwitter" time="0.001" classname="tahatest.RESTApiTest"/>
  <system-out/>
</testsuite> <!-- tahatest.RESTApiTest -->
