<?xml version="1.0" encoding="UTF-8"?>
<!-- Generated by org.testng.reporters.JUnitReportReporter -->
<testsuite skipped="0" hostname="DESKTOP-V1INFC5" name="tahatest.SeleniumTest" tests="2" failures="0" timestamp="2020-04-15T01:38:46 CDT" time="0.000" errors="0">
  <testcase name="BrowserAutomation" time="0.000" classname="tahatest.SeleniumTest"/>
  <system-out/>
  <testcase name="elementsUi" time="0.000" classname="tahatest.SeleniumTest"/>
  <system-out/>
</testsuite> <!-- tahatest.SeleniumTest -->
